# JRE version: OpenJDK Runtime Environment GraalVM CE 22.3.0 (17.0.5+8) (build 17.0.5+8-jvmci-22.3-b08)
# Java VM: OpenJDK 64-Bit Server VM GraalVM CE 22.3.0 (17.0.5+8-jvmci-22.3-b08, mixed mode, sharing, tiered, jvmci, jvmci compiler, compressed oops, compressed class ptrs, parallel gc, linux-amd64)
GC Precious Log:
 CPUs: 8 total, 1 available
 Memory: 1024M
 Large Page Support: Disabled
 NUMA Support: Disabled
 Compressed Oops: Enabled (32-bit)
 Alignments: Space 512K, Generation 512K, Heap 2M
 Heap Min Capacity: 100M
 Heap Initial Capacity: 100M
 Heap Max Capacity: 512M
 Pre-touch: Disabled
 Parallel Workers: 1
Heap:
 PSYoungGen      total 23552K, used 17920K [0x00000000f5580000, 0x00000000f7300000, 0x0000000100000000)
  eden space 17920K, 100% used [0x00000000f5580000,0x00000000f6700000,0x00000000f6700000)
  from space 5632K, 0% used [0x00000000f6700000,0x00000000f6700000,0x00000000f6c80000)
  to   space 5632K, 0% used [0x00000000f6c80000,0x00000000f6c80000,0x00000000f7200000)
 ParOldGen       total 349696K, used 349695K [0x00000000e0000000, 0x00000000f5580000, 0x00000000f5580000)
  object space 349696K, 99% used [0x00000000e0000000,0x00000000f557fd38,0x00000000f5580000)
 Metaspace       used 60864K, committed 62016K, reserved 1105920K
  class space    used 5989K, committed 6400K, reserved 1048576K
GC Heap History (20 events):
Event: 1311.217 GC heap before
{Heap before GC invocations=1253 (full 1099):
 PSYoungGen      total 23552K, used 17920K [0x00000000f5580000, 0x00000000f7300000, 0x0000000100000000)
  eden space 17920K, 100% used [0x00000000f5580000,0x00000000f6700000,0x00000000f6700000)
  from space 5632K, 0% used [0x00000000f6700000,0x00000000f6700000,0x00000000f6c80000)
  to   space 5632K, 0% used [0x00000000f6c80000,0x00000000f6c80000,0x00000000f7200000)
 ParOldGen       total 349696K, used 349696K [0x00000000e0000000, 0x00000000f5580000, 0x00000000f5580000)
  object space 349696K, 100% used [0x00000000e0000000,0x00000000f5580000,0x00000000f5580000)
 Metaspace       used 60863K, committed 62016K, reserved 1105920K
  class space    used 5989K, committed 6400K, reserved 1048576K
}
Event: 1312.132 GC heap after
{Heap after GC invocations=1253 (full 1099):
 PSYoungGen      total 23552K, used 17920K [0x00000000f5580000, 0x00000000f7300000, 0x0000000100000000)
  eden space 17920K, 100% used [0x00000000f5580000,0x00000000f6700000,0x00000000f6700000)
  from space 5632K, 0% used [0x00000000f6c80000,0x00000000f6c80000,0x00000000f7200000)
  to   space 5632K, 0% used [0x00000000f6700000,0x00000000f6700000,0x00000000f6c80000)
 ParOldGen       total 349696K, used 349696K [0x00000000e0000000, 0x00000000f5580000, 0x00000000f5580000)
  object space 349696K, 100% used [0x00000000e0000000,0x00000000f5580000,0x00000000f5580000)
 Metaspace       used 60863K, committed 62016K, reserved 1105920K
  class space    used 5989K, committed 6400K, reserved 1048576K
}
Event: 1312.133 GC heap before
{Heap before GC invocations=1254 (full 1100):
 PSYoungGen      total 23552K, used 17920K [0x00000000f5580000, 0x00000000f7300000, 0x0000000100000000)
  eden space 17920K, 100% used [0x00000000f5580000,0x00000000f6700000,0x00000000f6700000)
  from space 5632K, 0% used [0x00000000f6c80000,0x00000000f6c80000,0x00000000f7200000)
  to   space 5632K, 0% used [0x00000000f6700000,0x00000000f6700000,0x00000000f6c80000)
 ParOldGen       total 349696K, used 349696K [0x00000000e0000000, 0x00000000f5580000, 0x00000000f5580000)
  object space 349696K, 100% used [0x00000000e0000000,0x00000000f5580000,0x00000000f5580000)
 Metaspace       used 60863K, committed 62016K, reserved 1105920K
  class space    used 5989K, committed 6400K, reserved 1048576K
}
Event: 1313.211 GC heap after
{Heap after GC invocations=1254 (full 1100):
 PSYoungGen      total 23552K, used 17920K [0x00000000f5580000, 0x00000000f7300000, 0x0000000100000000)
  eden space 17920K, 100% used [0x00000000f5580000,0x00000000f6700000,0x00000000f6700000)
  from space 5632K, 0% used [0x00000000f6700000,0x00000000f6700000,0x00000000f6c80000)
  to   space 5632K, 0% used [0x00000000f6c80000,0x00000000f6c80000,0x00000000f7200000)
 ParOldGen       total 349696K, used 349696K [0x00000000e0000000, 0x00000000f5580000, 0x00000000f5580000)
  object space 349696K, 100% used [0x00000000e0000000,0x00000000f5580000,0x00000000f5580000)
 Metaspace       used 60863K, committed 62016K, reserved 1105920K
  class space    used 5989K, committed 6400K, reserved 1048576K
}
Event: 1313.211 GC heap before
{Heap before GC invocations=1255 (full 1101):
 PSYoungGen      total 23552K, used 17920K [0x00000000f5580000, 0x00000000f7300000, 0x0000000100000000)
  eden space 17920K, 100% used [0x00000000f5580000,0x00000000f6700000,0x00000000f6700000)
  from space 5632K, 0% used [0x00000000f6700000,0x00000000f6700000,0x00000000f6c80000)
  to   space 5632K, 0% used [0x00000000f6c80000,0x00000000f6c80000,0x00000000f7200000)
 ParOldGen       total 349696K, used 349696K [0x00000000e0000000, 0x00000000f5580000, 0x00000000f5580000)
  object space 349696K, 100% used [0x00000000e0000000,0x00000000f5580000,0x00000000f5580000)
 Metaspace       used 60863K, committed 62016K, reserved 1105920K
  class space    used 5989K, committed 6400K, reserved 1048576K
}
Event: 1314.129 GC heap after
{Heap after GC invocations=1255 (full 1101):
 PSYoungGen      total 23552K, used 17919K [0x00000000f5580000, 0x00000000f7300000, 0x0000000100000000)
  eden space 17920K, 99% used [0x00000000f5580000,0x00000000f66ffe98,0x00000000f6700000)
  from space 5632K, 0% used [0x00000000f6c80000,0x00000000f6c80000,0x00000000f7200000)
  to   space 5632K, 0% used [0x00000000f6700000,0x00000000f6700000,0x00000000f6c80000)
 ParOldGen       total 349696K, used 349691K [0x00000000e0000000, 0x00000000f5580000, 0x00000000f5580000)
  object space 349696K, 99% used [0x00000000e0000000,0x00000000f557ed28,0x00000000f5580000)
 Metaspace       used 60863K, committed 62016K, reserved 1105920K
  class space    used 5989K, committed 6400K, reserved 1048576K
}
Event: 1314.130 GC heap before
{Heap before GC invocations=1256 (full 1102):
 PSYoungGen      total 23552K, used 17920K [0x00000000f5580000, 0x00000000f7300000, 0x0000000100000000)
  eden space 17920K, 100% used [0x00000000f5580000,0x00000000f6700000,0x00000000f6700000)
  from space 5632K, 0% used [0x00000000f6c80000,0x00000000f6c80000,0x00000000f7200000)
  to   space 5632K, 0% used [0x00000000f6700000,0x00000000f6700000,0x00000000f6c80000)
 ParOldGen       total 349696K, used 349691K [0x00000000e0000000, 0x00000000f5580000, 0x00000000f5580000)
  object space 349696K, 99% used [0x00000000e0000000,0x00000000f557ed28,0x00000000f5580000)
 Metaspace       used 60863K, committed 62016K, reserved 1105920K
  class space    used 5989K, committed 6400K, reserved 1048576K
}
Event: 1315.331 GC heap after
{Heap after GC invocations=1256 (full 1102):
 PSYoungGen      total 23552K, used 17920K [0x00000000f5580000, 0x00000000f7300000, 0x0000000100000000)
  eden space 17920K, 100% used [0x00000000f5580000,0x00000000f6700000,0x00000000f6700000)
  from space 5632K, 0% used [0x00000000f6700000,0x00000000f6700000,0x00000000f6c80000)
  to   space 5632K, 0% used [0x00000000f6c80000,0x00000000f6c80000,0x00000000f7200000)
 ParOldGen       total 349696K, used 349691K [0x00000000e0000000, 0x00000000f5580000, 0x00000000f5580000)
  object space 349696K, 99% used [0x00000000e0000000,0x00000000f557ed28,0x00000000f5580000)
 Metaspace       used 60863K, committed 62016K, reserved 1105920K
  class space    used 5989K, committed 6400K, reserved 1048576K
}
Event: 1315.332 GC heap before
{Heap before GC invocations=1257 (full 1103):
 PSYoungGen      total 23552K, used 17920K [0x00000000f5580000, 0x00000000f7300000, 0x0000000100000000)
  eden space 17920K, 100% used [0x00000000f5580000,0x00000000f6700000,0x00000000f6700000)
  from space 5632K, 0% used [0x00000000f6700000,0x00000000f6700000,0x00000000f6c80000)
  to   space 5632K, 0% used [0x00000000f6c80000,0x00000000f6c80000,0x00000000f7200000)
 ParOldGen       total 349696K, used 349692K [0x00000000e0000000, 0x00000000f5580000, 0x00000000f5580000)
  object space 349696K, 99% used [0x00000000e0000000,0x00000000f557f3f0,0x00000000f5580000)
 Metaspace       used 60864K, committed 62016K, reserved 1105920K
  class space    used 5989K, committed 6400K, reserved 1048576K
}
Event: 1316.514 GC heap after
{Heap after GC invocations=1257 (full 1103):
 PSYoungGen      total 23552K, used 17919K [0x00000000f5580000, 0x00000000f7300000, 0x0000000100000000)
  eden space 17920K, 99% used [0x00000000f5580000,0x00000000f66ffe58,0x00000000f6700000)
  from space 5632K, 0% used [0x00000000f6c80000,0x00000000f6c80000,0x00000000f7200000)
  to   space 5632K, 0% used [0x00000000f6700000,0x00000000f6700000,0x00000000f6c80000)
 ParOldGen       total 349696K, used 349691K [0x00000000e0000000, 0x00000000f5580000, 0x00000000f5580000)
  object space 349696K, 99% used [0x00000000e0000000,0x00000000f557ecd0,0x00000000f5580000)
 Metaspace       used 60864K, committed 62016K, reserved 1105920K
  class space    used 5989K, committed 6400K, reserved 1048576K
}
Event: 1316.518 GC heap before
{Heap before GC invocations=1258 (full 1104):
 PSYoungGen      total 23552K, used 17920K [0x00000000f5580000, 0x00000000f7300000, 0x0000000100000000)
  eden space 17920K, 100% used [0x00000000f5580000,0x00000000f6700000,0x00000000f6700000)
  from space 5632K, 0% used [0x00000000f6c80000,0x00000000f6c80000,0x00000000f7200000)
  to   space 5632K, 0% used [0x00000000f6700000,0x00000000f6700000,0x00000000f6c80000)
 ParOldGen       total 349696K, used 349691K [0x00000000e0000000, 0x00000000f5580000, 0x00000000f5580000)
  object space 349696K, 99% used [0x00000000e0000000,0x00000000f557ecd0,0x00000000f5580000)
 Metaspace       used 60864K, committed 62016K, reserved 1105920K
  class space    used 5989K, committed 6400K, reserved 1048576K
}
Event: 1317.625 GC heap after
{Heap after GC invocations=1258 (full 1104):
 PSYoungGen      total 23552K, used 17919K [0x00000000f5580000, 0x00000000f7300000, 0x0000000100000000)
  eden space 17920K, 99% used [0x00000000f5580000,0x00000000f66ffeb0,0x00000000f6700000)
  from space 5632K, 0% used [0x00000000f6700000,0x00000000f6700000,0x00000000f6c80000)
  to   space 5632K, 0% used [0x00000000f6c80000,0x00000000f6c80000,0x00000000f7200000)
 ParOldGen       total 349696K, used 349690K [0x00000000e0000000, 0x00000000f5580000, 0x00000000f5580000)
  object space 349696K, 99% used [0x00000000e0000000,0x00000000f557eb30,0x00000000f5580000)
 Metaspace       used 60864K, committed 62016K, reserved 1105920K
  class space    used 5989K, committed 6400K, reserved 1048576K
}
Event: 1317.626 GC heap before
{Heap before GC invocations=1259 (full 1105):
 PSYoungGen      total 23552K, used 17920K [0x00000000f5580000, 0x00000000f7300000, 0x0000000100000000)
  eden space 17920K, 100% used [0x00000000f5580000,0x00000000f6700000,0x00000000f6700000)
  from space 5632K, 0% used [0x00000000f6700000,0x00000000f6700000,0x00000000f6c80000)
  to   space 5632K, 0% used [0x00000000f6c80000,0x00000000f6c80000,0x00000000f7200000)
 ParOldGen       total 349696K, used 349695K [0x00000000e0000000, 0x00000000f5580000, 0x00000000f5580000)
  object space 349696K, 99% used [0x00000000e0000000,0x00000000f557ffc8,0x00000000f5580000)
 Metaspace       used 60864K, committed 62016K, reserved 1105920K
  class space    used 5989K, committed 6400K, reserved 1048576K
}
Event: 1318.889 GC heap after
{Heap after GC invocations=1259 (full 1105):
 PSYoungGen      total 23552K, used 17919K [0x00000000f5580000, 0x00000000f7300000, 0x0000000100000000)
  eden space 17920K, 99% used [0x00000000f5580000,0x00000000f66ffec8,0x00000000f6700000)
  from space 5632K, 0% used [0x00000000f6c80000,0x00000000f6c80000,0x00000000f7200000)
  to   space 5632K, 0% used [0x00000000f6700000,0x00000000f6700000,0x00000000f6c80000)
 ParOldGen       total 349696K, used 349693K [0x00000000e0000000, 0x00000000f5580000, 0x00000000f5580000)
  object space 349696K, 99% used [0x00000000e0000000,0x00000000f557f530,0x00000000f5580000)
 Metaspace       used 60864K, committed 62016K, reserved 1105920K
  class space    used 5989K, committed 6400K, reserved 1048576K
}
Event: 1318.899 GC heap before
{Heap before GC invocations=1260 (full 1106):
 PSYoungGen      total 23552K, used 17919K [0x00000000f5580000, 0x00000000f7300000, 0x0000000100000000)
  eden space 17920K, 99% used [0x00000000f5580000,0x00000000f66ffff8,0x00000000f6700000)
  from space 5632K, 0% used [0x00000000f6c80000,0x00000000f6c80000,0x00000000f7200000)
  to   space 5632K, 0% used [0x00000000f6700000,0x00000000f6700000,0x00000000f6c80000)
 ParOldGen       total 349696K, used 349694K [0x00000000e0000000, 0x00000000f5580000, 0x00000000f5580000)
  object space 349696K, 99% used [0x00000000e0000000,0x00000000f557f8d8,0x00000000f5580000)
 Metaspace       used 60864K, committed 62016K, reserved 1105920K
  class space    used 5989K, committed 6400K, reserved 1048576K
}
Event: 1320.134 GC heap after
{Heap after GC invocations=1260 (full 1106):
 PSYoungGen      total 23552K, used 17919K [0x00000000f5580000, 0x00000000f7300000, 0x0000000100000000)
  eden space 17920K, 99% used [0x00000000f5580000,0x00000000f66ffec8,0x00000000f6700000)
  from space 5632K, 0% used [0x00000000f6700000,0x00000000f6700000,0x00000000f6c80000)
  to   space 5632K, 0% used [0x00000000f6c80000,0x00000000f6c80000,0x00000000f7200000)
 ParOldGen       total 349696K, used 349693K [0x00000000e0000000, 0x00000000f5580000, 0x00000000f5580000)
  object space 349696K, 99% used [0x00000000e0000000,0x00000000f557f548,0x00000000f5580000)
 Metaspace       used 60864K, committed 62016K, reserved 1105920K
  class space    used 5989K, committed 6400K, reserved 1048576K
}
Event: 1320.135 GC heap before
{Heap before GC invocations=1261 (full 1107):
 PSYoungGen      total 23552K, used 17919K [0x00000000f5580000, 0x00000000f7300000, 0x0000000100000000)
  eden space 17920K, 99% used [0x00000000f5580000,0x00000000f66fff98,0x00000000f6700000)
  from space 5632K, 0% used [0x00000000f6700000,0x00000000f6700000,0x00000000f6c80000)
  to   space 5632K, 0% used [0x00000000f6c80000,0x00000000f6c80000,0x00000000f7200000)
 ParOldGen       total 349696K, used 349693K [0x00000000e0000000, 0x00000000f5580000, 0x00000000f5580000)
  object space 349696K, 99% used [0x00000000e0000000,0x00000000f557f548,0x00000000f5580000)
 Metaspace       used 60864K, committed 62016K, reserved 1105920K
  class space    used 5989K, committed 6400K, reserved 1048576K
}
Event: 1321.218 GC heap after
{Heap after GC invocations=1261 (full 1107):
 PSYoungGen      total 23552K, used 17919K [0x00000000f5580000, 0x00000000f7300000, 0x0000000100000000)
  eden space 17920K, 99% used [0x00000000f5580000,0x00000000f66ffec8,0x00000000f6700000)
  from space 5632K, 0% used [0x00000000f6c80000,0x00000000f6c80000,0x00000000f7200000)
  to   space 5632K, 0% used [0x00000000f6700000,0x00000000f6700000,0x00000000f6c80000)
 ParOldGen       total 349696K, used 349693K [0x00000000e0000000, 0x00000000f5580000, 0x00000000f5580000)
  object space 349696K, 99% used [0x00000000e0000000,0x00000000f557f548,0x00000000f5580000)
 Metaspace       used 60864K, committed 62016K, reserved 1105920K
  class space    used 5989K, committed 6400K, reserved 1048576K
}
Event: 1321.218 GC heap before
{Heap before GC invocations=1262 (full 1108):
 PSYoungGen      total 23552K, used 17919K [0x00000000f5580000, 0x00000000f7300000, 0x0000000100000000)
  eden space 17920K, 99% used [0x00000000f5580000,0x00000000f66ffec8,0x00000000f6700000)
  from space 5632K, 0% used [0x00000000f6c80000,0x00000000f6c80000,0x00000000f7200000)
  to   space 5632K, 0% used [0x00000000f6700000,0x00000000f6700000,0x00000000f6c80000)
 ParOldGen       total 349696K, used 349693K [0x00000000e0000000, 0x00000000f5580000, 0x00000000f5580000)
  object space 349696K, 99% used [0x00000000e0000000,0x00000000f557f548,0x00000000f5580000)
 Metaspace       used 60864K, committed 62016K, reserved 1105920K
  class space    used 5989K, committed 6400K, reserved 1048576K
}
Event: 1322.450 GC heap after
{Heap after GC invocations=1262 (full 1108):
 PSYoungGen      total 23552K, used 17919K [0x00000000f5580000, 0x00000000f7300000, 0x0000000100000000)
  eden space 17920K, 99% used [0x00000000f5580000,0x00000000f66ffec8,0x00000000f6700000)
  from space 5632K, 0% used [0x00000000f6700000,0x00000000f6700000,0x00000000f6c80000)
  to   space 5632K, 0% used [0x00000000f6c80000,0x00000000f6c80000,0x00000000f7200000)
 ParOldGen       total 349696K, used 349693K [0x00000000e0000000, 0x00000000f5580000, 0x00000000f5580000)
  object space 349696K, 99% used [0x00000000e0000000,0x00000000f557f548,0x00000000f5580000)
 Metaspace       used 60864K, committed 62016K, reserved 1105920K
  class space    used 5989K, committed 6400K, reserved 1048576K
}

