# JRE version: OpenJDK Runtime Environment GraalVM CE 22.3.0 (17.0.5+8) (build 17.0.5+8-jvmci-22.3-b08)
# Java VM: OpenJDK 64-Bit Server VM GraalVM CE 22.3.0 (17.0.5+8-jvmci-22.3-b08, mixed mode, sharing, tiered, jvmci, jvmci compiler, compressed oops, compressed class ptrs, parallel gc, linux-amd64)
GC Precious Log:
 CPUs: 8 total, 1 available
 Memory: 1024M
 Large Page Support: Disabled
 NUMA Support: Disabled
 Compressed Oops: Enabled (32-bit)
 Alignments: Space 512K, Generation 512K, Heap 2M
 Heap Min Capacity: 100M
 Heap Initial Capacity: 100M
 Heap Max Capacity: 512M
 Pre-touch: Disabled
 Parallel Workers: 1
Heap:
 PSYoungGen      total 28672K, used 20992K [0x00000000f5580000, 0x00000000f8e00000, 0x0000000100000000)
  eden space 20992K, 100% used [0x00000000f5580000,0x00000000f6a00000,0x00000000f6a00000)
  from space 7680K, 0% used [0x00000000f6a00000,0x00000000f6a00000,0x00000000f7180000)
  to   space 16384K, 0% used [0x00000000f7e00000,0x00000000f7e00000,0x00000000f8e00000)
 ParOldGen       total 349696K, used 349695K [0x00000000e0000000, 0x00000000f5580000, 0x00000000f5580000)
  object space 349696K, 99% used [0x00000000e0000000,0x00000000f557fee0,0x00000000f5580000)
 Metaspace       used 60984K, committed 62144K, reserved 1105920K
  class space    used 6007K, committed 6464K, reserved 1048576K
GC Heap History (20 events):
Event: 758.649 GC heap before
{Heap before GC invocations=685 (full 594):
 PSYoungGen      total 28672K, used 20991K [0x00000000f5580000, 0x00000000f8e00000, 0x0000000100000000)
  eden space 20992K, 99% used [0x00000000f5580000,0x00000000f69fffd0,0x00000000f6a00000)
  from space 7680K, 0% used [0x00000000f6a00000,0x00000000f6a00000,0x00000000f7180000)
  to   space 16384K, 0% used [0x00000000f7e00000,0x00000000f7e00000,0x00000000f8e00000)
 ParOldGen       total 349696K, used 349695K [0x00000000e0000000, 0x00000000f5580000, 0x00000000f5580000)
  object space 349696K, 99% used [0x00000000e0000000,0x00000000f557ffe8,0x00000000f5580000)
 Metaspace       used 60984K, committed 62144K, reserved 1105920K
  class space    used 6007K, committed 6464K, reserved 1048576K
}
Event: 759.832 GC heap after
{Heap after GC invocations=685 (full 594):
 PSYoungGen      total 37376K, used 20991K [0x00000000f5580000, 0x00000000f8e00000, 0x0000000100000000)
  eden space 20992K, 99% used [0x00000000f5580000,0x00000000f69fffd0,0x00000000f6a00000)
  from space 16384K, 0% used [0x00000000f7e00000,0x00000000f7e00000,0x00000000f8e00000)
  to   space 7680K, 0% used [0x00000000f6a00000,0x00000000f6a00000,0x00000000f7180000)
 ParOldGen       total 349696K, used 349695K [0x00000000e0000000, 0x00000000f5580000, 0x00000000f5580000)
  object space 349696K, 99% used [0x00000000e0000000,0x00000000f557ffe8,0x00000000f5580000)
 Metaspace       used 60984K, committed 62144K, reserved 1105920K
  class space    used 6007K, committed 6464K, reserved 1048576K
}
Event: 759.833 GC heap before
{Heap before GC invocations=686 (full 595):
 PSYoungGen      total 37376K, used 20991K [0x00000000f5580000, 0x00000000f8e00000, 0x0000000100000000)
  eden space 20992K, 99% used [0x00000000f5580000,0x00000000f69ffff8,0x00000000f6a00000)
  from space 16384K, 0% used [0x00000000f7e00000,0x00000000f7e00000,0x00000000f8e00000)
  to   space 7680K, 0% used [0x00000000f6a00000,0x00000000f6a00000,0x00000000f7180000)
 ParOldGen       total 349696K, used 349695K [0x00000000e0000000, 0x00000000f5580000, 0x00000000f5580000)
  object space 349696K, 99% used [0x00000000e0000000,0x00000000f557fff8,0x00000000f5580000)
 Metaspace       used 60984K, committed 62144K, reserved 1105920K
  class space    used 6007K, committed 6464K, reserved 1048576K
}
Event: 760.965 GC heap after
{Heap after GC invocations=686 (full 595):
 PSYoungGen      total 28672K, used 20991K [0x00000000f5580000, 0x00000000f8e00000, 0x0000000100000000)
  eden space 20992K, 99% used [0x00000000f5580000,0x00000000f69fffe8,0x00000000f6a00000)
  from space 7680K, 0% used [0x00000000f6a00000,0x00000000f6a00000,0x00000000f7180000)
  to   space 16384K, 0% used [0x00000000f7e00000,0x00000000f7e00000,0x00000000f8e00000)
 ParOldGen       total 349696K, used 349694K [0x00000000e0000000, 0x00000000f5580000, 0x00000000f5580000)
  object space 349696K, 99% used [0x00000000e0000000,0x00000000f557fa48,0x00000000f5580000)
 Metaspace       used 60984K, committed 62144K, reserved 1105920K
  class space    used 6007K, committed 6464K, reserved 1048576K
}
Event: 760.965 GC heap before
{Heap before GC invocations=687 (full 596):
 PSYoungGen      total 28672K, used 20992K [0x00000000f5580000, 0x00000000f8e00000, 0x0000000100000000)
  eden space 20992K, 100% used [0x00000000f5580000,0x00000000f6a00000,0x00000000f6a00000)
  from space 7680K, 0% used [0x00000000f6a00000,0x00000000f6a00000,0x00000000f7180000)
  to   space 16384K, 0% used [0x00000000f7e00000,0x00000000f7e00000,0x00000000f8e00000)
 ParOldGen       total 349696K, used 349694K [0x00000000e0000000, 0x00000000f5580000, 0x00000000f5580000)
  object space 349696K, 99% used [0x00000000e0000000,0x00000000f557fa48,0x00000000f5580000)
 Metaspace       used 60984K, committed 62144K, reserved 1105920K
  class space    used 6007K, committed 6464K, reserved 1048576K
}
Event: 762.151 GC heap after
{Heap after GC invocations=687 (full 596):
 PSYoungGen      total 37376K, used 20992K [0x00000000f5580000, 0x00000000f8e00000, 0x0000000100000000)
  eden space 20992K, 100% used [0x00000000f5580000,0x00000000f6a00000,0x00000000f6a00000)
  from space 16384K, 0% used [0x00000000f7e00000,0x00000000f7e00000,0x00000000f8e00000)
  to   space 7680K, 0% used [0x00000000f6a00000,0x00000000f6a00000,0x00000000f7180000)
 ParOldGen       total 349696K, used 349694K [0x00000000e0000000, 0x00000000f5580000, 0x00000000f5580000)
  object space 349696K, 99% used [0x00000000e0000000,0x00000000f557fa48,0x00000000f5580000)
 Metaspace       used 60984K, committed 62144K, reserved 1105920K
  class space    used 6007K, committed 6464K, reserved 1048576K
}
Event: 762.151 GC heap before
{Heap before GC invocations=688 (full 597):
 PSYoungGen      total 37376K, used 20992K [0x00000000f5580000, 0x00000000f8e00000, 0x0000000100000000)
  eden space 20992K, 100% used [0x00000000f5580000,0x00000000f6a00000,0x00000000f6a00000)
  from space 16384K, 0% used [0x00000000f7e00000,0x00000000f7e00000,0x00000000f8e00000)
  to   space 7680K, 0% used [0x00000000f6a00000,0x00000000f6a00000,0x00000000f7180000)
 ParOldGen       total 349696K, used 349695K [0x00000000e0000000, 0x00000000f5580000, 0x00000000f5580000)
  object space 349696K, 99% used [0x00000000e0000000,0x00000000f557fff0,0x00000000f5580000)
 Metaspace       used 60984K, committed 62144K, reserved 1105920K
  class space    used 6007K, committed 6464K, reserved 1048576K
}
Event: 763.356 GC heap after
{Heap after GC invocations=688 (full 597):
 PSYoungGen      total 28672K, used 20991K [0x00000000f5580000, 0x00000000f8e00000, 0x0000000100000000)
  eden space 20992K, 99% used [0x00000000f5580000,0x00000000f69fffe8,0x00000000f6a00000)
  from space 7680K, 0% used [0x00000000f6a00000,0x00000000f6a00000,0x00000000f7180000)
  to   space 16384K, 0% used [0x00000000f7e00000,0x00000000f7e00000,0x00000000f8e00000)
 ParOldGen       total 349696K, used 349695K [0x00000000e0000000, 0x00000000f5580000, 0x00000000f5580000)
  object space 349696K, 99% used [0x00000000e0000000,0x00000000f557fdb0,0x00000000f5580000)
 Metaspace       used 60984K, committed 62144K, reserved 1105920K
  class space    used 6007K, committed 6464K, reserved 1048576K
}
Event: 763.356 GC heap before
{Heap before GC invocations=689 (full 598):
 PSYoungGen      total 28672K, used 20992K [0x00000000f5580000, 0x00000000f8e00000, 0x0000000100000000)
  eden space 20992K, 100% used [0x00000000f5580000,0x00000000f6a00000,0x00000000f6a00000)
  from space 7680K, 0% used [0x00000000f6a00000,0x00000000f6a00000,0x00000000f7180000)
  to   space 16384K, 0% used [0x00000000f7e00000,0x00000000f7e00000,0x00000000f8e00000)
 ParOldGen       total 349696K, used 349696K [0x00000000e0000000, 0x00000000f5580000, 0x00000000f5580000)
  object space 349696K, 100% used [0x00000000e0000000,0x00000000f5580000,0x00000000f5580000)
 Metaspace       used 60984K, committed 62144K, reserved 1105920K
  class space    used 6007K, committed 6464K, reserved 1048576K
}
Event: 764.455 GC heap after
{Heap after GC invocations=689 (full 598):
 PSYoungGen      total 37376K, used 20992K [0x00000000f5580000, 0x00000000f8e00000, 0x0000000100000000)
  eden space 20992K, 100% used [0x00000000f5580000,0x00000000f6a00000,0x00000000f6a00000)
  from space 16384K, 0% used [0x00000000f7e00000,0x00000000f7e00000,0x00000000f8e00000)
  to   space 7680K, 0% used [0x00000000f6a00000,0x00000000f6a00000,0x00000000f7180000)
 ParOldGen       total 349696K, used 349695K [0x00000000e0000000, 0x00000000f5580000, 0x00000000f5580000)
  object space 349696K, 99% used [0x00000000e0000000,0x00000000f557fe20,0x00000000f5580000)
 Metaspace       used 60984K, committed 62144K, reserved 1105920K
  class space    used 6007K, committed 6464K, reserved 1048576K
}
Event: 764.456 GC heap before
{Heap before GC invocations=690 (full 599):
 PSYoungGen      total 37376K, used 20992K [0x00000000f5580000, 0x00000000f8e00000, 0x0000000100000000)
  eden space 20992K, 100% used [0x00000000f5580000,0x00000000f6a00000,0x00000000f6a00000)
  from space 16384K, 0% used [0x00000000f7e00000,0x00000000f7e00000,0x00000000f8e00000)
  to   space 7680K, 0% used [0x00000000f6a00000,0x00000000f6a00000,0x00000000f7180000)
 ParOldGen       total 349696K, used 349695K [0x00000000e0000000, 0x00000000f5580000, 0x00000000f5580000)
  object space 349696K, 99% used [0x00000000e0000000,0x00000000f557fec8,0x00000000f5580000)
 Metaspace       used 60984K, committed 62144K, reserved 1105920K
  class space    used 6007K, committed 6464K, reserved 1048576K
}
Event: 765.562 GC heap after
{Heap after GC invocations=690 (full 599):
 PSYoungGen      total 28672K, used 20992K [0x00000000f5580000, 0x00000000f8e00000, 0x0000000100000000)
  eden space 20992K, 100% used [0x00000000f5580000,0x00000000f6a00000,0x00000000f6a00000)
  from space 7680K, 0% used [0x00000000f6a00000,0x00000000f6a00000,0x00000000f7180000)
  to   space 16384K, 0% used [0x00000000f7e00000,0x00000000f7e00000,0x00000000f8e00000)
 ParOldGen       total 349696K, used 349695K [0x00000000e0000000, 0x00000000f5580000, 0x00000000f5580000)
  object space 349696K, 99% used [0x00000000e0000000,0x00000000f557fec8,0x00000000f5580000)
 Metaspace       used 60984K, committed 62144K, reserved 1105920K
  class space    used 6007K, committed 6464K, reserved 1048576K
}
Event: 765.563 GC heap before
{Heap before GC invocations=691 (full 600):
 PSYoungGen      total 28672K, used 20992K [0x00000000f5580000, 0x00000000f8e00000, 0x0000000100000000)
  eden space 20992K, 100% used [0x00000000f5580000,0x00000000f6a00000,0x00000000f6a00000)
  from space 7680K, 0% used [0x00000000f6a00000,0x00000000f6a00000,0x00000000f7180000)
  to   space 16384K, 0% used [0x00000000f7e00000,0x00000000f7e00000,0x00000000f8e00000)
 ParOldGen       total 349696K, used 349695K [0x00000000e0000000, 0x00000000f5580000, 0x00000000f5580000)
  object space 349696K, 99% used [0x00000000e0000000,0x00000000f557ffd8,0x00000000f5580000)
 Metaspace       used 60984K, committed 62144K, reserved 1105920K
  class space    used 6007K, committed 6464K, reserved 1048576K
}
Event: 766.730 GC heap after
{Heap after GC invocations=691 (full 600):
 PSYoungGen      total 37376K, used 20991K [0x00000000f5580000, 0x00000000f8e00000, 0x0000000100000000)
  eden space 20992K, 99% used [0x00000000f5580000,0x00000000f69fffe8,0x00000000f6a00000)
  from space 16384K, 0% used [0x00000000f7e00000,0x00000000f7e00000,0x00000000f8e00000)
  to   space 7680K, 0% used [0x00000000f6a00000,0x00000000f6a00000,0x00000000f7180000)
 ParOldGen       total 349696K, used 349695K [0x00000000e0000000, 0x00000000f5580000, 0x00000000f5580000)
  object space 349696K, 99% used [0x00000000e0000000,0x00000000f557ff38,0x00000000f5580000)
 Metaspace       used 60984K, committed 62144K, reserved 1105920K
  class space    used 6007K, committed 6464K, reserved 1048576K
}
Event: 766.731 GC heap before
{Heap before GC invocations=692 (full 601):
 PSYoungGen      total 37376K, used 20992K [0x00000000f5580000, 0x00000000f8e00000, 0x0000000100000000)
  eden space 20992K, 100% used [0x00000000f5580000,0x00000000f6a00000,0x00000000f6a00000)
  from space 16384K, 0% used [0x00000000f7e00000,0x00000000f7e00000,0x00000000f8e00000)
  to   space 7680K, 0% used [0x00000000f6a00000,0x00000000f6a00000,0x00000000f7180000)
 ParOldGen       total 349696K, used 349696K [0x00000000e0000000, 0x00000000f5580000, 0x00000000f5580000)
  object space 349696K, 100% used [0x00000000e0000000,0x00000000f5580000,0x00000000f5580000)
 Metaspace       used 60984K, committed 62144K, reserved 1105920K
  class space    used 6007K, committed 6464K, reserved 1048576K
}
Event: 767.820 GC heap after
{Heap after GC invocations=692 (full 601):
 PSYoungGen      total 28672K, used 20992K [0x00000000f5580000, 0x00000000f8e00000, 0x0000000100000000)
  eden space 20992K, 100% used [0x00000000f5580000,0x00000000f6a00000,0x00000000f6a00000)
  from space 7680K, 0% used [0x00000000f6a00000,0x00000000f6a00000,0x00000000f7180000)
  to   space 16384K, 0% used [0x00000000f7e00000,0x00000000f7e00000,0x00000000f8e00000)
 ParOldGen       total 349696K, used 349695K [0x00000000e0000000, 0x00000000f5580000, 0x00000000f5580000)
  object space 349696K, 99% used [0x00000000e0000000,0x00000000f557fcb8,0x00000000f5580000)
 Metaspace       used 60984K, committed 62144K, reserved 1105920K
  class space    used 6007K, committed 6464K, reserved 1048576K
}
Event: 767.820 GC heap before
{Heap before GC invocations=693 (full 602):
 PSYoungGen      total 28672K, used 20992K [0x00000000f5580000, 0x00000000f8e00000, 0x0000000100000000)
  eden space 20992K, 100% used [0x00000000f5580000,0x00000000f6a00000,0x00000000f6a00000)
  from space 7680K, 0% used [0x00000000f6a00000,0x00000000f6a00000,0x00000000f7180000)
  to   space 16384K, 0% used [0x00000000f7e00000,0x00000000f7e00000,0x00000000f8e00000)
 ParOldGen       total 349696K, used 349695K [0x00000000e0000000, 0x00000000f5580000, 0x00000000f5580000)
  object space 349696K, 99% used [0x00000000e0000000,0x00000000f557fe60,0x00000000f5580000)
 Metaspace       used 60984K, committed 62144K, reserved 1105920K
  class space    used 6007K, committed 6464K, reserved 1048576K
}
Event: 768.876 GC heap after
{Heap after GC invocations=693 (full 602):
 PSYoungGen      total 37376K, used 20992K [0x00000000f5580000, 0x00000000f8e00000, 0x0000000100000000)
  eden space 20992K, 100% used [0x00000000f5580000,0x00000000f6a00000,0x00000000f6a00000)
  from space 16384K, 0% used [0x00000000f7e00000,0x00000000f7e00000,0x00000000f8e00000)
  to   space 7680K, 0% used [0x00000000f6a00000,0x00000000f6a00000,0x00000000f7180000)
 ParOldGen       total 349696K, used 349695K [0x00000000e0000000, 0x00000000f5580000, 0x00000000f5580000)
  object space 349696K, 99% used [0x00000000e0000000,0x00000000f557fcd0,0x00000000f5580000)
 Metaspace       used 60984K, committed 62144K, reserved 1105920K
  class space    used 6007K, committed 6464K, reserved 1048576K
}
Event: 768.876 GC heap before
{Heap before GC invocations=694 (full 603):
 PSYoungGen      total 37376K, used 20992K [0x00000000f5580000, 0x00000000f8e00000, 0x0000000100000000)
  eden space 20992K, 100% used [0x00000000f5580000,0x00000000f6a00000,0x00000000f6a00000)
  from space 16384K, 0% used [0x00000000f7e00000,0x00000000f7e00000,0x00000000f8e00000)
  to   space 7680K, 0% used [0x00000000f6a00000,0x00000000f6a00000,0x00000000f7180000)
 ParOldGen       total 349696K, used 349695K [0x00000000e0000000, 0x00000000f5580000, 0x00000000f5580000)
  object space 349696K, 99% used [0x00000000e0000000,0x00000000f557fcd0,0x00000000f5580000)
 Metaspace       used 60984K, committed 62144K, reserved 1105920K
  class space    used 6007K, committed 6464K, reserved 1048576K
}
Event: 770.152 GC heap after
{Heap after GC invocations=694 (full 603):
 PSYoungGen      total 28672K, used 20992K [0x00000000f5580000, 0x00000000f8e00000, 0x0000000100000000)
  eden space 20992K, 100% used [0x00000000f5580000,0x00000000f6a00000,0x00000000f6a00000)
  from space 7680K, 0% used [0x00000000f6a00000,0x00000000f6a00000,0x00000000f7180000)
  to   space 16384K, 0% used [0x00000000f7e00000,0x00000000f7e00000,0x00000000f8e00000)
 ParOldGen       total 349696K, used 349695K [0x00000000e0000000, 0x00000000f5580000, 0x00000000f5580000)
  object space 349696K, 99% used [0x00000000e0000000,0x00000000f557fcd0,0x00000000f5580000)
 Metaspace       used 60984K, committed 62144K, reserved 1105920K
  class space    used 6007K, committed 6464K, reserved 1048576K
}

